<?xml version="1.0" encoding="UTF-8"?>
<!-- Generated by org.testng.reporters.JUnitXMLReporter -->
<testsuite ignored="0" hostname="RSK" failures="0" tests="4" name="Default test" time="74.885" errors="0" timestamp="2024-11-13T10:36:50 GST">
  <testcase classname="Testpkg.OrangehrmTest" name="LoginTest" time="18.288"/>
  <testcase classname="Testpkg.OrangehrmTest" name="DashboardTest" time="6.723"/>
  <testcase classname="Testpkg.OrangehrmTest" name="PIMTest" time="29.645"/>
  <testcase classname="Testpkg.OrangehrmTest" name="LeaveTest" time="12.07"/>
</testsuite> <!-- Default test -->
