<?xml version="1.0" encoding="UTF-8"?>
<testng-results ignored="0" total="4" passed="4" failed="0" skipped="0">
  <reporter-output>
  </reporter-output>
  <suite started-at="2024-11-13T10:35:35 GST" name="Default suite" finished-at="2024-11-13T10:36:50 GST" duration-ms="74885">
    <groups>
    </groups>
    <test started-at="2024-11-13T10:35:35 GST" name="Default test" finished-at="2024-11-13T10:36:50 GST" duration-ms="74885">
      <class name="Testpkg.OrangehrmTest">
        <test-method is-config="true" signature="Setup()[pri:0, instance:Testpkg.OrangehrmTest@1530c739]" started-at="2024-11-13T10:35:35 GST" name="Setup" finished-at="2024-11-13T10:35:43 GST" duration-ms="7950" status="PASS">
          <reporter-output>
          </reporter-output>
        </test-method> <!-- Setup -->
        <test-method signature="LoginTest()[pri:1, instance:Testpkg.OrangehrmTest@1530c739]" started-at="2024-11-13T10:35:43 GST" name="LoginTest" finished-at="2024-11-13T10:36:01 GST" duration-ms="18288" status="PASS">
          <reporter-output>
          </reporter-output>
        </test-method> <!-- LoginTest -->
        <test-method signature="DashboardTest()[pri:2, instance:Testpkg.OrangehrmTest@1530c739]" started-at="2024-11-13T10:36:01 GST" name="DashboardTest" finished-at="2024-11-13T10:36:08 GST" duration-ms="6723" status="PASS">
          <reporter-output>
          </reporter-output>
        </test-method> <!-- DashboardTest -->
        <test-method signature="PIMTest()[pri:3, instance:Testpkg.OrangehrmTest@1530c739]" started-at="2024-11-13T10:36:08 GST" name="PIMTest" finished-at="2024-11-13T10:36:38 GST" duration-ms="29645" status="PASS">
          <reporter-output>
          </reporter-output>
        </test-method> <!-- PIMTest -->
        <test-method signature="LeaveTest()[pri:4, instance:Testpkg.OrangehrmTest@1530c739]" started-at="2024-11-13T10:36:38 GST" name="LeaveTest" finished-at="2024-11-13T10:36:50 GST" duration-ms="12070" status="PASS">
          <reporter-output>
          </reporter-output>
        </test-method> <!-- LeaveTest -->
        <test-method is-config="true" signature="TearDown()[pri:0, instance:Testpkg.OrangehrmTest@1530c739]" started-at="2024-11-13T10:36:50 GST" name="TearDown" finished-at="2024-11-13T10:36:50 GST" duration-ms="163" status="PASS">
          <reporter-output>
          </reporter-output>
        </test-method> <!-- TearDown -->
      </class> <!-- Testpkg.OrangehrmTest -->
    </test> <!-- Default test -->
  </suite> <!-- Default suite -->
</testng-results>
